myo-android-sdk-0.10.0/Projecto/samples/Projecto/build/outputs/apk/manifest-merger-debug-report.txt
-- Merging decision tree log ---
manifest
ADDED from AndroidManifest.xml:2:1
	package
		ADDED from AndroidManifest.xml:3:5
	android:versionName
		INJECTED from AndroidManifest.xml:0:0
		INJECTED from AndroidManifest.xml:0:0
	xmlns:android
		ADDED from AndroidManifest.xml:2:11
	android:versionCode
		INJECTED from AndroidManifest.xml:0:0
		INJECTED from AndroidManifest.xml:0:0
uses-permission#android.permission.WRITE_EXTERNAL_STORAGE
ADDED from AndroidManifest.xml:5:5
	android:name
		ADDED from AndroidManifest.xml:5:22
uses-permission#android.permission.READ_EXTERNAL_STORAGE
ADDED from AndroidManifest.xml:6:5
	android:name
		ADDED from AndroidManifest.xml:6:22
uses-feature#0x00020000
ADDED from AndroidManifest.xml:8:5
	android:glEsVersion
		ADDED from AndroidManifest.xml:9:9
	android:required
		ADDED from AndroidManifest.xml:10:9
uses-feature#android.hardware.bluetooth_le
ADDED from AndroidManifest.xml:11:5
	android:required
		ADDED from AndroidManifest.xml:13:9
	android:name
		ADDED from AndroidManifest.xml:12:9
application
ADDED from AndroidManifest.xml:15:5
MERGED from com.thalmic:myosdk:0.10.0:15:5
MERGED from com.android.support:appcompat-v7:18.0.0:19:5
	android:label
		ADDED from AndroidManifest.xml:18:9
	android:allowBackup
		ADDED from AndroidManifest.xml:16:9
	android:icon
		ADDED from AndroidManifest.xml:17:9
activity#com.thalmic.android.sample.helloworld.MainActivity
ADDED from AndroidManifest.xml:19:9
	android:label
		ADDED from AndroidManifest.xml:21:13
	android:name
		ADDED from AndroidManifest.xml:20:13
activity#com.thalmic.android.sample.helloworld.SplashScreen
ADDED from AndroidManifest.xml:22:9
	android:name
		ADDED from AndroidManifest.xml:22:19
intent-filter#android.intent.action.MAIN+android.intent.category.LAUNCHER
ADDED from AndroidManifest.xml:23:13
action#android.intent.action.MAIN
ADDED from AndroidManifest.xml:24:17
	android:name
		ADDED from AndroidManifest.xml:24:25
category#android.intent.category.LAUNCHER
ADDED from AndroidManifest.xml:26:17
	android:name
		ADDED from AndroidManifest.xml:26:27
activity#com.thalmic.android.sample.helloworld.ViewData
ADDED from AndroidManifest.xml:29:9
	android:name
		ADDED from AndroidManifest.xml:29:19
activity#com.thalmic.android.sample.helloworld.OpenGLES20
ADDED from AndroidManifest.xml:30:9
	android:name
		ADDED from AndroidManifest.xml:30:19
activity#com.thalmic.android.sample.helloworld.UserType
ADDED from AndroidManifest.xml:31:9
	android:name
		ADDED from AndroidManifest.xml:31:19
activity#com.thalmic.android.sample.helloworld.MoveList
ADDED from AndroidManifest.xml:32:9
	android:name
		ADDED from AndroidManifest.xml:32:19
activity#com.thalmic.android.sample.helloworld.MoveOption
ADDED from AndroidManifest.xml:33:9
	android:name
		ADDED from AndroidManifest.xml:33:19
uses-sdk
INJECTED from AndroidManifest.xml:0:0 reason: use-sdk injection requested
MERGED from com.thalmic:myosdk:0.10.0:7:5
MERGED from com.android.support:appcompat-v7:18.0.0:18:5
	android:targetSdkVersion
		INJECTED from AndroidManifest.xml:0:0
		INJECTED from AndroidManifest.xml:0:0
	android:minSdkVersion
		INJECTED from AndroidManifest.xml:0:0
		INJECTED from AndroidManifest.xml:0:0
uses-permission#android.permission.BLUETOOTH
ADDED from com.thalmic:myosdk:0.10.0:11:5
	android:name
		ADDED from com.thalmic:myosdk:0.10.0:11:22
uses-permission#android.permission.BLUETOOTH_ADMIN
ADDED from com.thalmic:myosdk:0.10.0:12:5
	android:name
		ADDED from com.thalmic:myosdk:0.10.0:12:22
uses-permission#android.permission.INTERNET
ADDED from com.thalmic:myosdk:0.10.0:13:5
	android:name
		ADDED from com.thalmic:myosdk:0.10.0:13:22
activity#com.thalmic.myo.scanner.ScanActivity
ADDED from com.thalmic:myosdk:0.10.0:16:9
	android:label
		ADDED from com.thalmic:myosdk:0.10.0:18:13
	android:theme
		ADDED from com.thalmic:myosdk:0.10.0:19:13
	android:name
		ADDED from com.thalmic:myosdk:0.10.0:17:13